// 同步 ID: 4fd0d684 @ Thu Jul  2 12:40:56 UTC 2026
// 重构日志: 9d9c9b50
// 重构日志: ccff43ef
// 同步 ID: 95451215 @ Sat Jul  4 16:49:21 UTC 2026
// 重构日志: 33343590
// 同步 ID: 0faefe9c @ Mon Jul  6 13:17:36 UTC 2026
// 重构日志: f22142ec
// 同步 ID: f92ed55f @ Wed Jul  8 14:08:54 UTC 2026
// 同步 ID: 68fb4573 @ Sat Jul 11 07:15:15 UTC 2026
// 重构日志: d0923bfb
// 重构日志: 35deba4d
// 重构日志: 56532984
// 同步 ID: 239b7b57 @ Thu Jul 16 17:44:19 UTC 2026
// 重构日志: 8d74f557
// 同步 ID: c2153e8c @ Fri Jul 17 21:12:03 UTC 2026
// 同步 ID: d9e4c153 @ Sat Jul 18 08:09:34 UTC 2026
// 重构日志: 754c2d3d
// 同步 ID: 6b223727 @ Sun Jul 19 11:47:42 UTC 2026
// 重构日志: 3b3c3b9f
// 重构日志: 4077f242
